Start testing: Oct 07 22:30 MSK
----------------------------------------------------------
1/3 Testing: test1.red
1/3 Test: test1.red
Command: "/usr/bin/bash" "-c" "./build/compiler /home/redgar/Compiler/tests/samples/test1.red && g++ test1.o -o test1 && ./test1"
Directory: /home/redgar/Compiler
"test1.red" start time: Oct 07 22:30 MSK
Output:
----------------------------------------------------------
Wrote test1.o
Completly parsing
Output: 85 
<end of output>
Test time =   0.09 sec
----------------------------------------------------------
Test Passed.
"test1.red" end time: Oct 07 22:30 MSK
"test1.red" time elapsed: 00:00:00
----------------------------------------------------------

2/3 Testing: test2.red
2/3 Test: test2.red
Command: "/usr/bin/bash" "-c" "./build/compiler /home/redgar/Compiler/tests/samples/test2.red && g++ test2.o -o test2 && ./test2"
Directory: /home/redgar/Compiler
"test2.red" start time: Oct 07 22:30 MSK
Output:
----------------------------------------------------------
Wrote test2.o
Completly parsing
Output: 55 
<end of output>
Test time =   0.06 sec
----------------------------------------------------------
Test Passed.
"test2.red" end time: Oct 07 22:30 MSK
"test2.red" time elapsed: 00:00:00
----------------------------------------------------------

3/3 Testing: test3.red
3/3 Test: test3.red
Command: "/usr/bin/bash" "-c" "./build/compiler /home/redgar/Compiler/tests/samples/test3.red && g++ test3.o -o test3 && ./test3"
Directory: /home/redgar/Compiler
"test3.red" start time: Oct 07 22:30 MSK
Output:
----------------------------------------------------------
Wrote test3.o
Completly parsing
<end of output>
Test time =   0.05 sec
----------------------------------------------------------
Test Passed.
"test3.red" end time: Oct 07 22:30 MSK
"test3.red" time elapsed: 00:00:00
----------------------------------------------------------

End testing: Oct 07 22:30 MSK
